Analysis & Synthesis report for ALU
Tue Sep 07 11:31:18 2021
Quartus Prime Version 20.1.1 Build 720 11/11/2020 SJ Lite Edition


---------------------
; Table of Contents ;
---------------------
  1. Legal Notice
  2. Analysis & Synthesis Summary
  3. Analysis & Synthesis Settings
  4. Parallel Compilation
  5. Analysis & Synthesis Source Files Read
  6. Analysis & Synthesis Resource Usage Summary
  7. Analysis & Synthesis Resource Utilization by Entity
  8. User-Specified and Inferred Latches
  9. General Register Statistics
 10. Parameter Settings for User Entity Instance: Top-level Entity: |compactALU
 11. Parameter Settings for User Entity Instance: method_ALU:alu
 12. Parameter Settings for User Entity Instance: method_ALU:alu|method_and:a1
 13. Parameter Settings for User Entity Instance: method_ALU:alu|method_or:a2
 14. Parameter Settings for User Entity Instance: method_ALU:alu|method_xor:a3
 15. Parameter Settings for User Entity Instance: method_ALU:alu|method_adder:a4
 16. Parameter Settings for User Entity Instance: method_ALU:alu|method_subtraction:a5
 17. Parameter Settings for User Entity Instance: method_ALU:alu|method_right_shift:a6
 18. Parameter Settings for User Entity Instance: method_ALU:alu|method_left_shift:a7
 19. Post-Synthesis Netlist Statistics for Top Partition
 20. Elapsed Time Per Partition
 21. Analysis & Synthesis Messages



----------------
; Legal Notice ;
----------------
Copyright (C) 2020  Intel Corporation. All rights reserved.
Your use of Intel Corporation's design tools, logic functions 
and other software and tools, and any partner logic 
functions, and any output files from any of the foregoing 
(including device programming or simulation files), and any 
associated documentation or information are expressly subject 
to the terms and conditions of the Intel Program License 
Subscription Agreement, the Intel Quartus Prime License Agreement,
the Intel FPGA IP License Agreement, or other applicable license
agreement, including, without limitation, that your use is for
the sole purpose of programming logic devices manufactured by
Intel and sold by Intel or its authorized distributors.  Please
refer to the applicable agreement for further details, at
https://fpgasoftware.intel.com/eula.



+-------------------------------------------------------------------------------+
; Analysis & Synthesis Summary                                                  ;
+---------------------------------+---------------------------------------------+
; Analysis & Synthesis Status     ; Successful - Tue Sep 07 11:31:18 2021       ;
; Quartus Prime Version           ; 20.1.1 Build 720 11/11/2020 SJ Lite Edition ;
; Revision Name                   ; ALU                                         ;
; Top-level Entity Name           ; compactALU                                  ;
; Family                          ; Cyclone V                                   ;
; Logic utilization (in ALMs)     ; N/A                                         ;
; Total registers                 ; 0                                           ;
; Total pins                      ; 24                                          ;
; Total virtual pins              ; 0                                           ;
; Total block memory bits         ; 0                                           ;
; Total DSP Blocks                ; 0                                           ;
; Total HSSI RX PCSs              ; 0                                           ;
; Total HSSI PMA RX Deserializers ; 0                                           ;
; Total HSSI TX PCSs              ; 0                                           ;
; Total HSSI PMA TX Serializers   ; 0                                           ;
; Total PLLs                      ; 0                                           ;
; Total DLLs                      ; 0                                           ;
+---------------------------------+---------------------------------------------+


+---------------------------------------------------------------------------------------------------------------------------+
; Analysis & Synthesis Settings                                                                                             ;
+---------------------------------------------------------------------------------+--------------------+--------------------+
; Option                                                                          ; Setting            ; Default Value      ;
+---------------------------------------------------------------------------------+--------------------+--------------------+
; Device                                                                          ; 5CSEMA5F31C6       ;                    ;
; Top-level entity name                                                           ; compactALU         ; ALU                ;
; Family name                                                                     ; Cyclone V          ; Cyclone V          ;
; Use smart compilation                                                           ; Off                ; Off                ;
; Enable parallel Assembler and Timing Analyzer during compilation                ; On                 ; On                 ;
; Enable compact report table                                                     ; Off                ; Off                ;
; Restructure Multiplexers                                                        ; Auto               ; Auto               ;
; MLAB Add Timing Constraints For Mixed-Port Feed-Through Mode Setting Don't Care ; Off                ; Off                ;
; Create Debugging Nodes for IP Cores                                             ; Off                ; Off                ;
; Preserve fewer node names                                                       ; On                 ; On                 ;
; Intel FPGA IP Evaluation Mode                                                   ; Enable             ; Enable             ;
; Verilog Version                                                                 ; Verilog_2001       ; Verilog_2001       ;
; VHDL Version                                                                    ; VHDL_1993          ; VHDL_1993          ;
; State Machine Processing                                                        ; Auto               ; Auto               ;
; Safe State Machine                                                              ; Off                ; Off                ;
; Extract Verilog State Machines                                                  ; On                 ; On                 ;
; Extract VHDL State Machines                                                     ; On                 ; On                 ;
; Ignore Verilog initial constructs                                               ; Off                ; Off                ;
; Iteration limit for constant Verilog loops                                      ; 5000               ; 5000               ;
; Iteration limit for non-constant Verilog loops                                  ; 250                ; 250                ;
; Add Pass-Through Logic to Inferred RAMs                                         ; On                 ; On                 ;
; Infer RAMs from Raw Logic                                                       ; On                 ; On                 ;
; Parallel Synthesis                                                              ; On                 ; On                 ;
; DSP Block Balancing                                                             ; Auto               ; Auto               ;
; NOT Gate Push-Back                                                              ; On                 ; On                 ;
; Power-Up Don't Care                                                             ; On                 ; On                 ;
; Remove Redundant Logic Cells                                                    ; Off                ; Off                ;
; Remove Duplicate Registers                                                      ; On                 ; On                 ;
; Ignore CARRY Buffers                                                            ; Off                ; Off                ;
; Ignore CASCADE Buffers                                                          ; Off                ; Off                ;
; Ignore GLOBAL Buffers                                                           ; Off                ; Off                ;
; Ignore ROW GLOBAL Buffers                                                       ; Off                ; Off                ;
; Ignore LCELL Buffers                                                            ; Off                ; Off                ;
; Ignore SOFT Buffers                                                             ; On                 ; On                 ;
; Limit AHDL Integers to 32 Bits                                                  ; Off                ; Off                ;
; Optimization Technique                                                          ; Balanced           ; Balanced           ;
; Carry Chain Length                                                              ; 70                 ; 70                 ;
; Auto Carry Chains                                                               ; On                 ; On                 ;
; Auto Open-Drain Pins                                                            ; On                 ; On                 ;
; Perform WYSIWYG Primitive Resynthesis                                           ; Off                ; Off                ;
; Auto ROM Replacement                                                            ; On                 ; On                 ;
; Auto RAM Replacement                                                            ; On                 ; On                 ;
; Auto DSP Block Replacement                                                      ; On                 ; On                 ;
; Auto Shift Register Replacement                                                 ; Auto               ; Auto               ;
; Allow Shift Register Merging across Hierarchies                                 ; Auto               ; Auto               ;
; Auto Clock Enable Replacement                                                   ; On                 ; On                 ;
; Strict RAM Replacement                                                          ; Off                ; Off                ;
; Allow Synchronous Control Signals                                               ; On                 ; On                 ;
; Force Use of Synchronous Clear Signals                                          ; Off                ; Off                ;
; Auto Resource Sharing                                                           ; Off                ; Off                ;
; Allow Any RAM Size For Recognition                                              ; Off                ; Off                ;
; Allow Any ROM Size For Recognition                                              ; Off                ; Off                ;
; Allow Any Shift Register Size For Recognition                                   ; Off                ; Off                ;
; Use LogicLock Constraints during Resource Balancing                             ; On                 ; On                 ;
; Ignore translate_off and synthesis_off directives                               ; Off                ; Off                ;
; Timing-Driven Synthesis                                                         ; On                 ; On                 ;
; Report Parameter Settings                                                       ; On                 ; On                 ;
; Report Source Assignments                                                       ; On                 ; On                 ;
; Report Connectivity Checks                                                      ; On                 ; On                 ;
; Ignore Maximum Fan-Out Assignments                                              ; Off                ; Off                ;
; Synchronization Register Chain Length                                           ; 3                  ; 3                  ;
; Power Optimization During Synthesis                                             ; Normal compilation ; Normal compilation ;
; HDL message level                                                               ; Level2             ; Level2             ;
; Suppress Register Optimization Related Messages                                 ; Off                ; Off                ;
; Number of Removed Registers Reported in Synthesis Report                        ; 5000               ; 5000               ;
; Number of Swept Nodes Reported in Synthesis Report                              ; 5000               ; 5000               ;
; Number of Inverted Registers Reported in Synthesis Report                       ; 100                ; 100                ;
; Clock MUX Protection                                                            ; On                 ; On                 ;
; Auto Gated Clock Conversion                                                     ; Off                ; Off                ;
; Block Design Naming                                                             ; Auto               ; Auto               ;
; SDC constraint protection                                                       ; Off                ; Off                ;
; Synthesis Effort                                                                ; Auto               ; Auto               ;
; Shift Register Replacement - Allow Asynchronous Clear Signal                    ; On                 ; On                 ;
; Pre-Mapping Resynthesis Optimization                                            ; Off                ; Off                ;
; Analysis & Synthesis Message Level                                              ; Medium             ; Medium             ;
; Disable Register Merging Across Hierarchies                                     ; Auto               ; Auto               ;
; Resource Aware Inference For Block RAM                                          ; On                 ; On                 ;
; Automatic Parallel Synthesis                                                    ; On                 ; On                 ;
; Partial Reconfiguration Bitstream ID                                            ; Off                ; Off                ;
+---------------------------------------------------------------------------------+--------------------+--------------------+


+------------------------------------------+
; Parallel Compilation                     ;
+----------------------------+-------------+
; Processors                 ; Number      ;
+----------------------------+-------------+
; Number detected on machine ; 8           ;
; Maximum allowed            ; 4           ;
;                            ;             ;
; Average used               ; 1.00        ;
; Maximum used               ; 4           ;
;                            ;             ;
; Usage by Processor         ; % Time Used ;
;     Processor 1            ; 100.0%      ;
;     Processors 2-4         ;   0.0%      ;
+----------------------------+-------------+


+--------------------------------------------------------------------------------------------------------------------------------------------------------------------------------------------------+
; Analysis & Synthesis Source Files Read                                                                                                                                                           ;
+----------------------------------+-----------------+------------------------------+----------------------------------------------------------------------------------------------------+---------+
; File Name with User-Entered Path ; Used in Netlist ; File Type                    ; File Name with Absolute Path                                                                       ; Library ;
+----------------------------------+-----------------+------------------------------+----------------------------------------------------------------------------------------------------+---------+
; method_and.sv                    ; yes             ; User SystemVerilog HDL File  ; C:/Users/berta/OneDrive/Documentos/GitHub/Taller-de-Dise-oDigital/Lab3/ALU.1/method_and.sv         ;         ;
; method_or.sv                     ; yes             ; User SystemVerilog HDL File  ; C:/Users/berta/OneDrive/Documentos/GitHub/Taller-de-Dise-oDigital/Lab3/ALU.1/method_or.sv          ;         ;
; method_xor.sv                    ; yes             ; User SystemVerilog HDL File  ; C:/Users/berta/OneDrive/Documentos/GitHub/Taller-de-Dise-oDigital/Lab3/ALU.1/method_xor.sv         ;         ;
; method_adder.sv                  ; yes             ; User SystemVerilog HDL File  ; C:/Users/berta/OneDrive/Documentos/GitHub/Taller-de-Dise-oDigital/Lab3/ALU.1/method_adder.sv       ;         ;
; method_subtraction.sv            ; yes             ; User SystemVerilog HDL File  ; C:/Users/berta/OneDrive/Documentos/GitHub/Taller-de-Dise-oDigital/Lab3/ALU.1/method_subtraction.sv ;         ;
; method_ALU.sv                    ; yes             ; User SystemVerilog HDL File  ; C:/Users/berta/OneDrive/Documentos/GitHub/Taller-de-Dise-oDigital/Lab3/ALU.1/method_ALU.sv         ;         ;
; sevenseg.sv                      ; yes             ; User SystemVerilog HDL File  ; C:/Users/berta/OneDrive/Documentos/GitHub/Taller-de-Dise-oDigital/Lab3/ALU.1/sevenseg.sv           ;         ;
; method_right_shift.sv            ; yes             ; User SystemVerilog HDL File  ; C:/Users/berta/OneDrive/Documentos/GitHub/Taller-de-Dise-oDigital/Lab3/ALU.1/method_right_shift.sv ;         ;
; method_left_shift.v              ; yes             ; User Verilog HDL File        ; C:/Users/berta/OneDrive/Documentos/GitHub/Taller-de-Dise-oDigital/Lab3/ALU.1/method_left_shift.v   ;         ;
; compactALU.sv                    ; yes             ; User SystemVerilog HDL File  ; C:/Users/berta/OneDrive/Documentos/GitHub/Taller-de-Dise-oDigital/Lab3/ALU.1/compactALU.sv         ;         ;
+----------------------------------+-----------------+------------------------------+----------------------------------------------------------------------------------------------------+---------+


+---------------------------------------------------------------+
; Analysis & Synthesis Resource Usage Summary                   ;
+---------------------------------------------+-----------------+
; Resource                                    ; Usage           ;
+---------------------------------------------+-----------------+
; Estimate of Logic utilization (ALMs needed) ; 17              ;
;                                             ;                 ;
; Combinational ALUT usage for logic          ; 28              ;
;     -- 7 input functions                    ; 2               ;
;     -- 6 input functions                    ; 4               ;
;     -- 5 input functions                    ; 1               ;
;     -- 4 input functions                    ; 6               ;
;     -- <=3 input functions                  ; 15              ;
;                                             ;                 ;
; Dedicated logic registers                   ; 0               ;
;                                             ;                 ;
; I/O pins                                    ; 24              ;
;                                             ;                 ;
; Total DSP Blocks                            ; 0               ;
;                                             ;                 ;
; Maximum fan-out node                        ; select[0]~input ;
; Maximum fan-out                             ; 8               ;
; Total fan-out                               ; 138             ;
; Average fan-out                             ; 1.82            ;
+---------------------------------------------+-----------------+


+-------------------------------------------------------------------------------------------------------------------------------------------------------------------------------------------------------------------------------+
; Analysis & Synthesis Resource Utilization by Entity                                                                                                                                                                           ;
+-------------------------------+---------------------+---------------------------+-------------------+------------+------+--------------+--------------------------------------------------+--------------------+--------------+
; Compilation Hierarchy Node    ; Combinational ALUTs ; Dedicated Logic Registers ; Block Memory Bits ; DSP Blocks ; Pins ; Virtual Pins ; Full Hierarchy Name                              ; Entity Name        ; Library Name ;
+-------------------------------+---------------------+---------------------------+-------------------+------------+------+--------------+--------------------------------------------------+--------------------+--------------+
; |compactALU                   ; 28 (0)              ; 0 (0)                     ; 0                 ; 0          ; 24   ; 0            ; |compactALU                                      ; compactALU         ; work         ;
;    |method_ALU:alu|           ; 21 (10)             ; 0 (0)                     ; 0                 ; 0          ; 0    ; 0            ; |compactALU|method_ALU:alu                       ; method_ALU         ; work         ;
;       |method_adder:a4|       ; 5 (5)               ; 0 (0)                     ; 0                 ; 0          ; 0    ; 0            ; |compactALU|method_ALU:alu|method_adder:a4       ; method_adder       ; work         ;
;       |method_subtraction:a5| ; 6 (6)               ; 0 (0)                     ; 0                 ; 0          ; 0    ; 0            ; |compactALU|method_ALU:alu|method_subtraction:a5 ; method_subtraction ; work         ;
;    |sevenseg:modulo1Seg|      ; 7 (7)               ; 0 (0)                     ; 0                 ; 0          ; 0    ; 0            ; |compactALU|sevenseg:modulo1Seg                  ; sevenseg           ; work         ;
+-------------------------------+---------------------+---------------------------+-------------------+------------+------+--------------+--------------------------------------------------+--------------------+--------------+
Note: For table entries with two numbers listed, the numbers in parentheses indicate the number of resources of the given type used by the specific entity alone. The numbers listed outside of parentheses indicate the total resources of the given type used by the specific entity and all of its sub-entities in the hierarchy.


+---------------------------------------------------------------------------------------------------+
; User-Specified and Inferred Latches                                                               ;
+----------------------------------------------------+---------------------+------------------------+
; Latch Name                                         ; Latch Enable Signal ; Free of Timing Hazards ;
+----------------------------------------------------+---------------------+------------------------+
; method_ALU:alu|cout                                ; method_ALU:alu|cout ; yes                    ;
; Number of user-specified and inferred latches = 1  ;                     ;                        ;
+----------------------------------------------------+---------------------+------------------------+
Note: All latches listed above may not be present at the end of synthesis due to various synthesis optimizations.


+------------------------------------------------------+
; General Register Statistics                          ;
+----------------------------------------------+-------+
; Statistic                                    ; Value ;
+----------------------------------------------+-------+
; Total registers                              ; 0     ;
; Number of registers using Synchronous Clear  ; 0     ;
; Number of registers using Synchronous Load   ; 0     ;
; Number of registers using Asynchronous Clear ; 0     ;
; Number of registers using Asynchronous Load  ; 0     ;
; Number of registers using Clock Enable       ; 0     ;
; Number of registers using Preset             ; 0     ;
+----------------------------------------------+-------+


+----------------------------------------------------------------------------+
; Parameter Settings for User Entity Instance: Top-level Entity: |compactALU ;
+----------------+-------+---------------------------------------------------+
; Parameter Name ; Value ; Type                                              ;
+----------------+-------+---------------------------------------------------+
; N              ; 4     ; Signed Integer                                    ;
+----------------+-------+---------------------------------------------------+
Note: In order to hide this table in the UI and the text report file, please set the "Show Parameter Settings in Synthesis Report" option in "Analysis and Synthesis Settings -> More Settings" to "Off".


+-------------------------------------------------------------+
; Parameter Settings for User Entity Instance: method_ALU:alu ;
+----------------+-------+------------------------------------+
; Parameter Name ; Value ; Type                               ;
+----------------+-------+------------------------------------+
; N              ; 4     ; Signed Integer                     ;
+----------------+-------+------------------------------------+
Note: In order to hide this table in the UI and the text report file, please set the "Show Parameter Settings in Synthesis Report" option in "Analysis and Synthesis Settings -> More Settings" to "Off".


+---------------------------------------------------------------------------+
; Parameter Settings for User Entity Instance: method_ALU:alu|method_and:a1 ;
+----------------+-------+--------------------------------------------------+
; Parameter Name ; Value ; Type                                             ;
+----------------+-------+--------------------------------------------------+
; N              ; 4     ; Signed Integer                                   ;
+----------------+-------+--------------------------------------------------+
Note: In order to hide this table in the UI and the text report file, please set the "Show Parameter Settings in Synthesis Report" option in "Analysis and Synthesis Settings -> More Settings" to "Off".


+--------------------------------------------------------------------------+
; Parameter Settings for User Entity Instance: method_ALU:alu|method_or:a2 ;
+----------------+-------+-------------------------------------------------+
; Parameter Name ; Value ; Type                                            ;
+----------------+-------+-------------------------------------------------+
; N              ; 4     ; Signed Integer                                  ;
+----------------+-------+-------------------------------------------------+
Note: In order to hide this table in the UI and the text report file, please set the "Show Parameter Settings in Synthesis Report" option in "Analysis and Synthesis Settings -> More Settings" to "Off".


+---------------------------------------------------------------------------+
; Parameter Settings for User Entity Instance: method_ALU:alu|method_xor:a3 ;
+----------------+-------+--------------------------------------------------+
; Parameter Name ; Value ; Type                                             ;
+----------------+-------+--------------------------------------------------+
; N              ; 4     ; Signed Integer                                   ;
+----------------+-------+--------------------------------------------------+
Note: In order to hide this table in the UI and the text report file, please set the "Show Parameter Settings in Synthesis Report" option in "Analysis and Synthesis Settings -> More Settings" to "Off".


+-----------------------------------------------------------------------------+
; Parameter Settings for User Entity Instance: method_ALU:alu|method_adder:a4 ;
+----------------+-------+----------------------------------------------------+
; Parameter Name ; Value ; Type                                               ;
+----------------+-------+----------------------------------------------------+
; N              ; 4     ; Signed Integer                                     ;
+----------------+-------+----------------------------------------------------+
Note: In order to hide this table in the UI and the text report file, please set the "Show Parameter Settings in Synthesis Report" option in "Analysis and Synthesis Settings -> More Settings" to "Off".


+-----------------------------------------------------------------------------------+
; Parameter Settings for User Entity Instance: method_ALU:alu|method_subtraction:a5 ;
+----------------+-------+----------------------------------------------------------+
; Parameter Name ; Value ; Type                                                     ;
+----------------+-------+----------------------------------------------------------+
; N              ; 4     ; Signed Integer                                           ;
+----------------+-------+----------------------------------------------------------+
Note: In order to hide this table in the UI and the text report file, please set the "Show Parameter Settings in Synthesis Report" option in "Analysis and Synthesis Settings -> More Settings" to "Off".


+-----------------------------------------------------------------------------------+
; Parameter Settings for User Entity Instance: method_ALU:alu|method_right_shift:a6 ;
+----------------+-------+----------------------------------------------------------+
; Parameter Name ; Value ; Type                                                     ;
+----------------+-------+----------------------------------------------------------+
; N              ; 4     ; Signed Integer                                           ;
+----------------+-------+----------------------------------------------------------+
Note: In order to hide this table in the UI and the text report file, please set the "Show Parameter Settings in Synthesis Report" option in "Analysis and Synthesis Settings -> More Settings" to "Off".


+----------------------------------------------------------------------------------+
; Parameter Settings for User Entity Instance: method_ALU:alu|method_left_shift:a7 ;
+----------------+-------+---------------------------------------------------------+
; Parameter Name ; Value ; Type                                                    ;
+----------------+-------+---------------------------------------------------------+
; N              ; 4     ; Signed Integer                                          ;
+----------------+-------+---------------------------------------------------------+
Note: In order to hide this table in the UI and the text report file, please set the "Show Parameter Settings in Synthesis Report" option in "Analysis and Synthesis Settings -> More Settings" to "Off".


+-----------------------------------------------------+
; Post-Synthesis Netlist Statistics for Top Partition ;
+-----------------------+-----------------------------+
; Type                  ; Count                       ;
+-----------------------+-----------------------------+
; arriav_lcell_comb     ; 30                          ;
;     arith             ; 6                           ;
;         0 data inputs ; 1                           ;
;         1 data inputs ; 1                           ;
;         2 data inputs ; 4                           ;
;     extend            ; 2                           ;
;         7 data inputs ; 2                           ;
;     normal            ; 17                          ;
;         0 data inputs ; 1                           ;
;         1 data inputs ; 1                           ;
;         3 data inputs ; 4                           ;
;         4 data inputs ; 6                           ;
;         5 data inputs ; 1                           ;
;         6 data inputs ; 4                           ;
;     shared            ; 5                           ;
;         0 data inputs ; 1                           ;
;         2 data inputs ; 3                           ;
;         3 data inputs ; 1                           ;
; boundary_port         ; 24                          ;
;                       ;                             ;
; Max LUT depth         ; 4.40                        ;
; Average LUT depth     ; 3.81                        ;
+-----------------------+-----------------------------+


+-------------------------------+
; Elapsed Time Per Partition    ;
+----------------+--------------+
; Partition Name ; Elapsed Time ;
+----------------+--------------+
; Top            ; 00:00:00     ;
+----------------+--------------+


+-------------------------------+
; Analysis & Synthesis Messages ;
+-------------------------------+
Info: *******************************************************************
Info: Running Quartus Prime Analysis & Synthesis
    Info: Version 20.1.1 Build 720 11/11/2020 SJ Lite Edition
    Info: Processing started: Tue Sep 07 11:31:08 2021
Info: Command: quartus_map --read_settings_files=on --write_settings_files=off ALU -c ALU
Warning (18236): Number of processors has not been specified which may cause overloading on shared machines.  Set the global assignment NUM_PARALLEL_PROCESSORS in your QSF to an appropriate value for best performance.
Info (20030): Parallel compilation is enabled and will use 4 of the 4 processors detected
Info (12021): Found 1 design units, including 1 entities, in source file method_and.sv
    Info (12023): Found entity 1: method_and File: C:/Users/berta/OneDrive/Documentos/GitHub/Taller-de-Dise-oDigital/Lab3/ALU.1/method_and.sv Line: 1
Info (12021): Found 1 design units, including 1 entities, in source file method_or.sv
    Info (12023): Found entity 1: method_or File: C:/Users/berta/OneDrive/Documentos/GitHub/Taller-de-Dise-oDigital/Lab3/ALU.1/method_or.sv Line: 1
Info (12021): Found 1 design units, including 1 entities, in source file method_xor.sv
    Info (12023): Found entity 1: method_xor File: C:/Users/berta/OneDrive/Documentos/GitHub/Taller-de-Dise-oDigital/Lab3/ALU.1/method_xor.sv Line: 1
Info (12021): Found 1 design units, including 1 entities, in source file method_adder.sv
    Info (12023): Found entity 1: method_adder File: C:/Users/berta/OneDrive/Documentos/GitHub/Taller-de-Dise-oDigital/Lab3/ALU.1/method_adder.sv Line: 1
Info (12021): Found 1 design units, including 1 entities, in source file method_subtraction.sv
    Info (12023): Found entity 1: method_subtraction File: C:/Users/berta/OneDrive/Documentos/GitHub/Taller-de-Dise-oDigital/Lab3/ALU.1/method_subtraction.sv Line: 1
Info (12021): Found 1 design units, including 1 entities, in source file method_adder_tb.sv
    Info (12023): Found entity 1: method_adder_tb File: C:/Users/berta/OneDrive/Documentos/GitHub/Taller-de-Dise-oDigital/Lab3/ALU.1/method_adder_tb.sv Line: 1
Info (12021): Found 1 design units, including 1 entities, in source file method_sub_2_tb.sv
    Info (12023): Found entity 1: method_sub_2_tb File: C:/Users/berta/OneDrive/Documentos/GitHub/Taller-de-Dise-oDigital/Lab3/ALU.1/method_sub_2_tb.sv Line: 1
Info (12021): Found 1 design units, including 1 entities, in source file method_alu.sv
    Info (12023): Found entity 1: method_ALU File: C:/Users/berta/OneDrive/Documentos/GitHub/Taller-de-Dise-oDigital/Lab3/ALU.1/method_ALU.sv Line: 1
Info (12021): Found 1 design units, including 1 entities, in source file sevenseg.sv
    Info (12023): Found entity 1: sevenseg File: C:/Users/berta/OneDrive/Documentos/GitHub/Taller-de-Dise-oDigital/Lab3/ALU.1/sevenseg.sv Line: 1
Info (12021): Found 1 design units, including 1 entities, in source file method_right_shift.sv
    Info (12023): Found entity 1: method_right_shift File: C:/Users/berta/OneDrive/Documentos/GitHub/Taller-de-Dise-oDigital/Lab3/ALU.1/method_right_shift.sv Line: 1
Info (12021): Found 1 design units, including 1 entities, in source file method_left_shift.v
    Info (12023): Found entity 1: method_left_shift File: C:/Users/berta/OneDrive/Documentos/GitHub/Taller-de-Dise-oDigital/Lab3/ALU.1/method_left_shift.v Line: 1
Info (12021): Found 1 design units, including 1 entities, in source file compactalu.sv
    Info (12023): Found entity 1: compactALU File: C:/Users/berta/OneDrive/Documentos/GitHub/Taller-de-Dise-oDigital/Lab3/ALU.1/compactALU.sv Line: 1
Info (12127): Elaborating entity "compactALU" for the top level hierarchy
Warning (10240): Verilog HDL Always Construct warning at compactALU.sv(21): inferring latch(es) for variable "overflow", which holds its previous value in one or more paths through the always construct File: C:/Users/berta/OneDrive/Documentos/GitHub/Taller-de-Dise-oDigital/Lab3/ALU.1/compactALU.sv Line: 21
Warning (10240): Verilog HDL Always Construct warning at compactALU.sv(21): inferring latch(es) for variable "negative", which holds its previous value in one or more paths through the always construct File: C:/Users/berta/OneDrive/Documentos/GitHub/Taller-de-Dise-oDigital/Lab3/ALU.1/compactALU.sv Line: 21
Warning (10240): Verilog HDL Always Construct warning at compactALU.sv(21): inferring latch(es) for variable "zero", which holds its previous value in one or more paths through the always construct File: C:/Users/berta/OneDrive/Documentos/GitHub/Taller-de-Dise-oDigital/Lab3/ALU.1/compactALU.sv Line: 21
Info (10041): Inferred latch for "zero" at compactALU.sv(31) File: C:/Users/berta/OneDrive/Documentos/GitHub/Taller-de-Dise-oDigital/Lab3/ALU.1/compactALU.sv Line: 31
Info (10041): Inferred latch for "negative" at compactALU.sv(26) File: C:/Users/berta/OneDrive/Documentos/GitHub/Taller-de-Dise-oDigital/Lab3/ALU.1/compactALU.sv Line: 26
Info (10041): Inferred latch for "overflow" at compactALU.sv(21) File: C:/Users/berta/OneDrive/Documentos/GitHub/Taller-de-Dise-oDigital/Lab3/ALU.1/compactALU.sv Line: 21
Info (12128): Elaborating entity "method_ALU" for hierarchy "method_ALU:alu" File: C:/Users/berta/OneDrive/Documentos/GitHub/Taller-de-Dise-oDigital/Lab3/ALU.1/compactALU.sv Line: 7
Warning (10240): Verilog HDL Always Construct warning at method_ALU.sv(22): inferring latch(es) for variable "S", which holds its previous value in one or more paths through the always construct File: C:/Users/berta/OneDrive/Documentos/GitHub/Taller-de-Dise-oDigital/Lab3/ALU.1/method_ALU.sv Line: 22
Warning (10240): Verilog HDL Always Construct warning at method_ALU.sv(22): inferring latch(es) for variable "cout", which holds its previous value in one or more paths through the always construct File: C:/Users/berta/OneDrive/Documentos/GitHub/Taller-de-Dise-oDigital/Lab3/ALU.1/method_ALU.sv Line: 22
Info (10041): Inferred latch for "cout" at method_ALU.sv(36) File: C:/Users/berta/OneDrive/Documentos/GitHub/Taller-de-Dise-oDigital/Lab3/ALU.1/method_ALU.sv Line: 36
Info (10041): Inferred latch for "S[0]" at method_ALU.sv(36) File: C:/Users/berta/OneDrive/Documentos/GitHub/Taller-de-Dise-oDigital/Lab3/ALU.1/method_ALU.sv Line: 36
Info (10041): Inferred latch for "S[1]" at method_ALU.sv(36) File: C:/Users/berta/OneDrive/Documentos/GitHub/Taller-de-Dise-oDigital/Lab3/ALU.1/method_ALU.sv Line: 36
Info (10041): Inferred latch for "S[2]" at method_ALU.sv(36) File: C:/Users/berta/OneDrive/Documentos/GitHub/Taller-de-Dise-oDigital/Lab3/ALU.1/method_ALU.sv Line: 36
Info (10041): Inferred latch for "S[3]" at method_ALU.sv(36) File: C:/Users/berta/OneDrive/Documentos/GitHub/Taller-de-Dise-oDigital/Lab3/ALU.1/method_ALU.sv Line: 36
Info (12128): Elaborating entity "method_and" for hierarchy "method_ALU:alu|method_and:a1" File: C:/Users/berta/OneDrive/Documentos/GitHub/Taller-de-Dise-oDigital/Lab3/ALU.1/method_ALU.sv Line: 13
Warning (10230): Verilog HDL assignment warning at method_and.sv(7): truncated value with size 4 to match size of target (1) File: C:/Users/berta/OneDrive/Documentos/GitHub/Taller-de-Dise-oDigital/Lab3/ALU.1/method_and.sv Line: 7
Info (12128): Elaborating entity "method_or" for hierarchy "method_ALU:alu|method_or:a2" File: C:/Users/berta/OneDrive/Documentos/GitHub/Taller-de-Dise-oDigital/Lab3/ALU.1/method_ALU.sv Line: 14
Warning (10230): Verilog HDL assignment warning at method_or.sv(7): truncated value with size 4 to match size of target (1) File: C:/Users/berta/OneDrive/Documentos/GitHub/Taller-de-Dise-oDigital/Lab3/ALU.1/method_or.sv Line: 7
Info (12128): Elaborating entity "method_xor" for hierarchy "method_ALU:alu|method_xor:a3" File: C:/Users/berta/OneDrive/Documentos/GitHub/Taller-de-Dise-oDigital/Lab3/ALU.1/method_ALU.sv Line: 15
Warning (10230): Verilog HDL assignment warning at method_xor.sv(7): truncated value with size 4 to match size of target (1) File: C:/Users/berta/OneDrive/Documentos/GitHub/Taller-de-Dise-oDigital/Lab3/ALU.1/method_xor.sv Line: 7
Info (12128): Elaborating entity "method_adder" for hierarchy "method_ALU:alu|method_adder:a4" File: C:/Users/berta/OneDrive/Documentos/GitHub/Taller-de-Dise-oDigital/Lab3/ALU.1/method_ALU.sv Line: 16
Info (12128): Elaborating entity "method_subtraction" for hierarchy "method_ALU:alu|method_subtraction:a5" File: C:/Users/berta/OneDrive/Documentos/GitHub/Taller-de-Dise-oDigital/Lab3/ALU.1/method_ALU.sv Line: 17
Info (12128): Elaborating entity "method_right_shift" for hierarchy "method_ALU:alu|method_right_shift:a6" File: C:/Users/berta/OneDrive/Documentos/GitHub/Taller-de-Dise-oDigital/Lab3/ALU.1/method_ALU.sv Line: 18
Info (12128): Elaborating entity "method_left_shift" for hierarchy "method_ALU:alu|method_left_shift:a7" File: C:/Users/berta/OneDrive/Documentos/GitHub/Taller-de-Dise-oDigital/Lab3/ALU.1/method_ALU.sv Line: 19
Info (12128): Elaborating entity "sevenseg" for hierarchy "sevenseg:modulo1Seg" File: C:/Users/berta/OneDrive/Documentos/GitHub/Taller-de-Dise-oDigital/Lab3/ALU.1/compactALU.sv Line: 18
Warning (14026): LATCH primitive "method_ALU:alu|S[3]" is permanently enabled File: C:/Users/berta/OneDrive/Documentos/GitHub/Taller-de-Dise-oDigital/Lab3/ALU.1/method_ALU.sv Line: 36
Warning (14026): LATCH primitive "method_ALU:alu|S[2]" is permanently enabled File: C:/Users/berta/OneDrive/Documentos/GitHub/Taller-de-Dise-oDigital/Lab3/ALU.1/method_ALU.sv Line: 36
Warning (14026): LATCH primitive "method_ALU:alu|S[1]" is permanently enabled File: C:/Users/berta/OneDrive/Documentos/GitHub/Taller-de-Dise-oDigital/Lab3/ALU.1/method_ALU.sv Line: 36
Warning (14026): LATCH primitive "method_ALU:alu|S[0]" is permanently enabled File: C:/Users/berta/OneDrive/Documentos/GitHub/Taller-de-Dise-oDigital/Lab3/ALU.1/method_ALU.sv Line: 36
Warning (13012): Latch method_ALU:alu|cout has unsafe behavior File: C:/Users/berta/OneDrive/Documentos/GitHub/Taller-de-Dise-oDigital/Lab3/ALU.1/method_ALU.sv Line: 3
    Warning (13013): Ports D and ENA on the latch are fed by the same signal select[0] File: C:/Users/berta/OneDrive/Documentos/GitHub/Taller-de-Dise-oDigital/Lab3/ALU.1/compactALU.sv Line: 2
Warning (13024): Output pins are stuck at VCC or GND
    Warning (13410): Pin "zero" is stuck at VCC File: C:/Users/berta/OneDrive/Documentos/GitHub/Taller-de-Dise-oDigital/Lab3/ALU.1/compactALU.sv Line: 3
    Warning (13410): Pin "carry_flag" is stuck at VCC File: C:/Users/berta/OneDrive/Documentos/GitHub/Taller-de-Dise-oDigital/Lab3/ALU.1/compactALU.sv Line: 3
    Warning (13410): Pin "overflow" is stuck at VCC File: C:/Users/berta/OneDrive/Documentos/GitHub/Taller-de-Dise-oDigital/Lab3/ALU.1/compactALU.sv Line: 3
    Warning (13410): Pin "negative" is stuck at VCC File: C:/Users/berta/OneDrive/Documentos/GitHub/Taller-de-Dise-oDigital/Lab3/ALU.1/compactALU.sv Line: 3
Info (286030): Timing-Driven Synthesis is running
Info (16010): Generating hard_block partition "hard_block:auto_generated_inst"
    Info (16011): Adding 0 node(s), including 0 DDIO, 0 PLL, 0 transceiver and 0 LCELL
Info (21057): Implemented 52 device resources after synthesis - the final resource count might be different
    Info (21058): Implemented 12 input pins
    Info (21059): Implemented 12 output pins
    Info (21061): Implemented 28 logic cells
Info: Quartus Prime Analysis & Synthesis was successful. 0 errors, 20 warnings
    Info: Peak virtual memory: 4812 megabytes
    Info: Processing ended: Tue Sep 07 11:31:18 2021
    Info: Elapsed time: 00:00:10
    Info: Total CPU time (on all processors): 00:00:24


