Analysis & Synthesis report for FSM
Thu Oct 14 14:52:32 2021
Quartus Prime Version 20.1.1 Build 720 11/11/2020 SJ Lite Edition


---------------------
; Table of Contents ;
---------------------
  1. Legal Notice
  2. Analysis & Synthesis Summary
  3. Analysis & Synthesis Settings
  4. Parallel Compilation
  5. Analysis & Synthesis Source Files Read
  6. Analysis & Synthesis Resource Usage Summary
  7. Analysis & Synthesis Resource Utilization by Entity
  8. State Machine - |fpga_converter|lab_compact:coffee_machine|control:preparacion|FSM_Preparadora:preparadora|state
  9. Registers Removed During Synthesis
 10. General Register Statistics
 11. Multiplexer Restructuring Statistics (Restructuring Performed)
 12. Parameter Settings for User Entity Instance: lab_compact:coffee_machine|method_substractor:restador
 13. Parameter Settings for User Entity Instance: lab_compact:coffee_machine|control:preparacion|slow_counter:counter_segundos
 14. Port Connectivity Checks: "lab_compact:coffee_machine|control:preparacion"
 15. Port Connectivity Checks: "lab_compact:coffee_machine|FSMCompleta:machine"
 16. Port Connectivity Checks: "lab_compact:coffee_machine|method_substractor:restador"
 17. Post-Synthesis Netlist Statistics for Top Partition
 18. Elapsed Time Per Partition
 19. Analysis & Synthesis Messages
 20. Analysis & Synthesis Suppressed Messages



----------------
; Legal Notice ;
----------------
Copyright (C) 2020  Intel Corporation. All rights reserved.
Your use of Intel Corporation's design tools, logic functions 
and other software and tools, and any partner logic 
functions, and any output files from any of the foregoing 
(including device programming or simulation files), and any 
associated documentation or information are expressly subject 
to the terms and conditions of the Intel Program License 
Subscription Agreement, the Intel Quartus Prime License Agreement,
the Intel FPGA IP License Agreement, or other applicable license
agreement, including, without limitation, that your use is for
the sole purpose of programming logic devices manufactured by
Intel and sold by Intel or its authorized distributors.  Please
refer to the applicable agreement for further details, at
https://fpgasoftware.intel.com/eula.



+-------------------------------------------------------------------------------+
; Analysis & Synthesis Summary                                                  ;
+---------------------------------+---------------------------------------------+
; Analysis & Synthesis Status     ; Successful - Thu Oct 14 14:52:32 2021       ;
; Quartus Prime Version           ; 20.1.1 Build 720 11/11/2020 SJ Lite Edition ;
; Revision Name                   ; FSM                                         ;
; Top-level Entity Name           ; fpga_converter                              ;
; Family                          ; Cyclone V                                   ;
; Logic utilization (in ALMs)     ; N/A                                         ;
; Total registers                 ; 57                                          ;
; Total pins                      ; 33                                          ;
; Total virtual pins              ; 0                                           ;
; Total block memory bits         ; 0                                           ;
; Total DSP Blocks                ; 0                                           ;
; Total HSSI RX PCSs              ; 0                                           ;
; Total HSSI PMA RX Deserializers ; 0                                           ;
; Total HSSI TX PCSs              ; 0                                           ;
; Total HSSI PMA TX Serializers   ; 0                                           ;
; Total PLLs                      ; 0                                           ;
; Total DLLs                      ; 0                                           ;
+---------------------------------+---------------------------------------------+


+---------------------------------------------------------------------------------------------------------------------------+
; Analysis & Synthesis Settings                                                                                             ;
+---------------------------------------------------------------------------------+--------------------+--------------------+
; Option                                                                          ; Setting            ; Default Value      ;
+---------------------------------------------------------------------------------+--------------------+--------------------+
; Device                                                                          ; 5CSEMA5F31C6       ;                    ;
; Top-level entity name                                                           ; fpga_converter     ; FSM                ;
; Family name                                                                     ; Cyclone V          ; Cyclone V          ;
; Use smart compilation                                                           ; Off                ; Off                ;
; Enable parallel Assembler and Timing Analyzer during compilation                ; On                 ; On                 ;
; Enable compact report table                                                     ; Off                ; Off                ;
; Restructure Multiplexers                                                        ; Auto               ; Auto               ;
; MLAB Add Timing Constraints For Mixed-Port Feed-Through Mode Setting Don't Care ; Off                ; Off                ;
; Create Debugging Nodes for IP Cores                                             ; Off                ; Off                ;
; Preserve fewer node names                                                       ; On                 ; On                 ;
; Intel FPGA IP Evaluation Mode                                                   ; Enable             ; Enable             ;
; Verilog Version                                                                 ; Verilog_2001       ; Verilog_2001       ;
; VHDL Version                                                                    ; VHDL_1993          ; VHDL_1993          ;
; State Machine Processing                                                        ; Auto               ; Auto               ;
; Safe State Machine                                                              ; Off                ; Off                ;
; Extract Verilog State Machines                                                  ; On                 ; On                 ;
; Extract VHDL State Machines                                                     ; On                 ; On                 ;
; Ignore Verilog initial constructs                                               ; Off                ; Off                ;
; Iteration limit for constant Verilog loops                                      ; 5000               ; 5000               ;
; Iteration limit for non-constant Verilog loops                                  ; 250                ; 250                ;
; Add Pass-Through Logic to Inferred RAMs                                         ; On                 ; On                 ;
; Infer RAMs from Raw Logic                                                       ; On                 ; On                 ;
; Parallel Synthesis                                                              ; On                 ; On                 ;
; DSP Block Balancing                                                             ; Auto               ; Auto               ;
; NOT Gate Push-Back                                                              ; On                 ; On                 ;
; Power-Up Don't Care                                                             ; On                 ; On                 ;
; Remove Redundant Logic Cells                                                    ; Off                ; Off                ;
; Remove Duplicate Registers                                                      ; On                 ; On                 ;
; Ignore CARRY Buffers                                                            ; Off                ; Off                ;
; Ignore CASCADE Buffers                                                          ; Off                ; Off                ;
; Ignore GLOBAL Buffers                                                           ; Off                ; Off                ;
; Ignore ROW GLOBAL Buffers                                                       ; Off                ; Off                ;
; Ignore LCELL Buffers                                                            ; Off                ; Off                ;
; Ignore SOFT Buffers                                                             ; On                 ; On                 ;
; Limit AHDL Integers to 32 Bits                                                  ; Off                ; Off                ;
; Optimization Technique                                                          ; Balanced           ; Balanced           ;
; Carry Chain Length                                                              ; 70                 ; 70                 ;
; Auto Carry Chains                                                               ; On                 ; On                 ;
; Auto Open-Drain Pins                                                            ; On                 ; On                 ;
; Perform WYSIWYG Primitive Resynthesis                                           ; Off                ; Off                ;
; Auto ROM Replacement                                                            ; On                 ; On                 ;
; Auto RAM Replacement                                                            ; On                 ; On                 ;
; Auto DSP Block Replacement                                                      ; On                 ; On                 ;
; Auto Shift Register Replacement                                                 ; Auto               ; Auto               ;
; Allow Shift Register Merging across Hierarchies                                 ; Auto               ; Auto               ;
; Auto Clock Enable Replacement                                                   ; On                 ; On                 ;
; Strict RAM Replacement                                                          ; Off                ; Off                ;
; Allow Synchronous Control Signals                                               ; On                 ; On                 ;
; Force Use of Synchronous Clear Signals                                          ; Off                ; Off                ;
; Auto Resource Sharing                                                           ; Off                ; Off                ;
; Allow Any RAM Size For Recognition                                              ; Off                ; Off                ;
; Allow Any ROM Size For Recognition                                              ; Off                ; Off                ;
; Allow Any Shift Register Size For Recognition                                   ; Off                ; Off                ;
; Use LogicLock Constraints during Resource Balancing                             ; On                 ; On                 ;
; Ignore translate_off and synthesis_off directives                               ; Off                ; Off                ;
; Timing-Driven Synthesis                                                         ; On                 ; On                 ;
; Report Parameter Settings                                                       ; On                 ; On                 ;
; Report Source Assignments                                                       ; On                 ; On                 ;
; Report Connectivity Checks                                                      ; On                 ; On                 ;
; Ignore Maximum Fan-Out Assignments                                              ; Off                ; Off                ;
; Synchronization Register Chain Length                                           ; 3                  ; 3                  ;
; Power Optimization During Synthesis                                             ; Normal compilation ; Normal compilation ;
; HDL message level                                                               ; Level2             ; Level2             ;
; Suppress Register Optimization Related Messages                                 ; Off                ; Off                ;
; Number of Removed Registers Reported in Synthesis Report                        ; 5000               ; 5000               ;
; Number of Swept Nodes Reported in Synthesis Report                              ; 5000               ; 5000               ;
; Number of Inverted Registers Reported in Synthesis Report                       ; 100                ; 100                ;
; Clock MUX Protection                                                            ; On                 ; On                 ;
; Auto Gated Clock Conversion                                                     ; Off                ; Off                ;
; Block Design Naming                                                             ; Auto               ; Auto               ;
; SDC constraint protection                                                       ; Off                ; Off                ;
; Synthesis Effort                                                                ; Auto               ; Auto               ;
; Shift Register Replacement - Allow Asynchronous Clear Signal                    ; On                 ; On                 ;
; Pre-Mapping Resynthesis Optimization                                            ; Off                ; Off                ;
; Analysis & Synthesis Message Level                                              ; Medium             ; Medium             ;
; Disable Register Merging Across Hierarchies                                     ; Auto               ; Auto               ;
; Resource Aware Inference For Block RAM                                          ; On                 ; On                 ;
; Automatic Parallel Synthesis                                                    ; On                 ; On                 ;
; Partial Reconfiguration Bitstream ID                                            ; Off                ; Off                ;
+---------------------------------------------------------------------------------+--------------------+--------------------+


+------------------------------------------+
; Parallel Compilation                     ;
+----------------------------+-------------+
; Processors                 ; Number      ;
+----------------------------+-------------+
; Number detected on machine ; 8           ;
; Maximum allowed            ; 4           ;
;                            ;             ;
; Average used               ; 1.00        ;
; Maximum used               ; 4           ;
;                            ;             ;
; Usage by Processor         ; % Time Used ;
;     Processor 1            ; 100.0%      ;
;     Processors 2-4         ;   0.0%      ;
+----------------------------+-------------+


+----------------------------------------------------------------------------------------------------------------------------------------------------------------------------------------------------+
; Analysis & Synthesis Source Files Read                                                                                                                                                             ;
+----------------------------------+-----------------+------------------------------+------------------------------------------------------------------------------------------------------+---------+
; File Name with User-Entered Path ; Used in Netlist ; File Type                    ; File Name with Absolute Path                                                                         ; Library ;
+----------------------------------+-----------------+------------------------------+------------------------------------------------------------------------------------------------------+---------+
; method_substractor.sv            ; yes             ; User SystemVerilog HDL File  ; C:/Users/berta/OneDrive/Documentos/GitHub/Taller-de-Dise-oDigital/Lab4/method_substractor.sv         ;         ;
; mux_tiempos.sv                   ; yes             ; User SystemVerilog HDL File  ; C:/Users/berta/OneDrive/Documentos/GitHub/Taller-de-Dise-oDigital/Lab4/mux_tiempos.sv                ;         ;
; control.sv                       ; yes             ; User SystemVerilog HDL File  ; C:/Users/berta/OneDrive/Documentos/GitHub/Taller-de-Dise-oDigital/Lab4/control.sv                    ;         ;
; slow_counter.sv                  ; yes             ; User SystemVerilog HDL File  ; C:/Users/berta/OneDrive/Documentos/GitHub/Taller-de-Dise-oDigital/Lab4/slow_counter.sv               ;         ;
; FSMCompleta.sv                   ; yes             ; User SystemVerilog HDL File  ; C:/Users/berta/OneDrive/Documentos/GitHub/Taller-de-Dise-oDigital/Lab4/FSMCompleta.sv                ;         ;
; Counter_coins.sv                 ; yes             ; User SystemVerilog HDL File  ; C:/Users/berta/OneDrive/Documentos/GitHub/Taller-de-Dise-oDigital/Lab4/Counter_coins.sv              ;         ;
; Comparator_coins.sv              ; yes             ; User SystemVerilog HDL File  ; C:/Users/berta/OneDrive/Documentos/GitHub/Taller-de-Dise-oDigital/Lab4/Comparator_coins.sv           ;         ;
; Register.sv                      ; yes             ; User SystemVerilog HDL File  ; C:/Users/berta/OneDrive/Documentos/GitHub/Taller-de-Dise-oDigital/Lab4/Register.sv                   ;         ;
; FSM_Preparadora.sv               ; yes             ; User SystemVerilog HDL File  ; C:/Users/berta/OneDrive/Documentos/GitHub/Taller-de-Dise-oDigital/Lab4/FSM_Preparadora.sv            ;         ;
; lab_compact.sv                   ; yes             ; User SystemVerilog HDL File  ; C:/Users/berta/OneDrive/Documentos/GitHub/Taller-de-Dise-oDigital/Lab4/lab_compact.sv                ;         ;
; Registro_bebida.sv               ; yes             ; User SystemVerilog HDL File  ; C:/Users/berta/OneDrive/Documentos/GitHub/Taller-de-Dise-oDigital/Lab4/Registro_bebida.sv            ;         ;
; mux_precio.sv                    ; yes             ; User SystemVerilog HDL File  ; C:/Users/berta/OneDrive/Documentos/GitHub/Taller-de-Dise-oDigital/Lab4/mux_precio.sv                 ;         ;
; Register_vuelto.sv               ; yes             ; User SystemVerilog HDL File  ; C:/Users/berta/OneDrive/Documentos/GitHub/Taller-de-Dise-oDigital/Lab4/Register_vuelto.sv            ;         ;
; Register_vuelto_permanente.sv    ; yes             ; User SystemVerilog HDL File  ; C:/Users/berta/OneDrive/Documentos/GitHub/Taller-de-Dise-oDigital/Lab4/Register_vuelto_permanente.sv ;         ;
; sevenseg.sv                      ; yes             ; User SystemVerilog HDL File  ; C:/Users/berta/OneDrive/Documentos/GitHub/Taller-de-Dise-oDigital/Lab4/sevenseg.sv                   ;         ;
; fpga_converter.sv                ; yes             ; User SystemVerilog HDL File  ; C:/Users/berta/OneDrive/Documentos/GitHub/Taller-de-Dise-oDigital/Lab4/fpga_converter.sv             ;         ;
; mux_cafes.sv                     ; yes             ; User SystemVerilog HDL File  ; C:/Users/berta/OneDrive/Documentos/GitHub/Taller-de-Dise-oDigital/Lab4/mux_cafes.sv                  ;         ;
+----------------------------------+-----------------+------------------------------+------------------------------------------------------------------------------------------------------+---------+


+---------------------------------------------------------+
; Analysis & Synthesis Resource Usage Summary             ;
+---------------------------------------------+-----------+
; Resource                                    ; Usage     ;
+---------------------------------------------+-----------+
; Estimate of Logic utilization (ALMs needed) ; 67        ;
;                                             ;           ;
; Combinational ALUT usage for logic          ; 110       ;
;     -- 7 input functions                    ; 0         ;
;     -- 6 input functions                    ; 23        ;
;     -- 5 input functions                    ; 15        ;
;     -- 4 input functions                    ; 24        ;
;     -- <=3 input functions                  ; 48        ;
;                                             ;           ;
; Dedicated logic registers                   ; 57        ;
;                                             ;           ;
; I/O pins                                    ; 33        ;
;                                             ;           ;
; Total DSP Blocks                            ; 0         ;
;                                             ;           ;
; Maximum fan-out node                        ; clk~input ;
; Maximum fan-out                             ; 57        ;
; Total fan-out                               ; 663       ;
; Average fan-out                             ; 2.85      ;
+---------------------------------------------+-----------+


+--------------------------------------------------------------------------------------------------------------------------------------------------------------------------------------------------------------------------------------------------------------------------------------------------------+
; Analysis & Synthesis Resource Utilization by Entity                                                                                                                                                                                                                                                    ;
+----------------------------------------------------+---------------------+---------------------------+-------------------+------------+------+--------------+----------------------------------------------------------------------------------------------+----------------------------+--------------+
; Compilation Hierarchy Node                         ; Combinational ALUTs ; Dedicated Logic Registers ; Block Memory Bits ; DSP Blocks ; Pins ; Virtual Pins ; Full Hierarchy Name                                                                          ; Entity Name                ; Library Name ;
+----------------------------------------------------+---------------------+---------------------------+-------------------+------------+------+--------------+----------------------------------------------------------------------------------------------+----------------------------+--------------+
; |fpga_converter                                    ; 110 (0)             ; 57 (0)                    ; 0                 ; 0          ; 33   ; 0            ; |fpga_converter                                                                              ; fpga_converter             ; work         ;
;    |lab_compact:coffee_machine|                    ; 96 (2)              ; 57 (0)                    ; 0                 ; 0          ; 0    ; 0            ; |fpga_converter|lab_compact:coffee_machine                                                   ; lab_compact                ; work         ;
;       |Counter_coins:contador|                     ; 10 (10)             ; 4 (4)                     ; 0                 ; 0          ; 0    ; 0            ; |fpga_converter|lab_compact:coffee_machine|Counter_coins:contador                            ; Counter_coins              ; work         ;
;       |FSMCompleta:machine|                        ; 14 (14)             ; 3 (3)                     ; 0                 ; 0          ; 0    ; 0            ; |fpga_converter|lab_compact:coffee_machine|FSMCompleta:machine                               ; FSMCompleta                ; work         ;
;       |Register:registro|                          ; 0 (0)               ; 4 (4)                     ; 0                 ; 0          ; 0    ; 0            ; |fpga_converter|lab_compact:coffee_machine|Register:registro                                 ; Register                   ; work         ;
;       |Register_vuelto:reg_vuelto|                 ; 0 (0)               ; 5 (5)                     ; 0                 ; 0          ; 0    ; 0            ; |fpga_converter|lab_compact:coffee_machine|Register_vuelto:reg_vuelto                        ; Register_vuelto            ; work         ;
;       |Register_vuelto_permanente:reg_vuelto_perm| ; 5 (5)               ; 4 (4)                     ; 0                 ; 0          ; 0    ; 0            ; |fpga_converter|lab_compact:coffee_machine|Register_vuelto_permanente:reg_vuelto_perm        ; Register_vuelto_permanente ; work         ;
;       |control:preparacion|                        ; 55 (0)              ; 37 (0)                    ; 0                 ; 0          ; 0    ; 0            ; |fpga_converter|lab_compact:coffee_machine|control:preparacion                               ; control                    ; work         ;
;          |FSM_Preparadora:preparadora|             ; 18 (18)             ; 6 (6)                     ; 0                 ; 0          ; 0    ; 0            ; |fpga_converter|lab_compact:coffee_machine|control:preparacion|FSM_Preparadora:preparadora   ; FSM_Preparadora            ; work         ;
;          |Registro_bebida:reg_bebida|              ; 0 (0)               ; 3 (3)                     ; 0                 ; 0          ; 0    ; 0            ; |fpga_converter|lab_compact:coffee_machine|control:preparacion|Registro_bebida:reg_bebida    ; Registro_bebida            ; work         ;
;          |mux_tiempos:mux_t|                       ; 1 (1)               ; 0 (0)                     ; 0                 ; 0          ; 0    ; 0            ; |fpga_converter|lab_compact:coffee_machine|control:preparacion|mux_tiempos:mux_t             ; mux_tiempos                ; work         ;
;          |slow_counter:counter_segundos|           ; 36 (36)             ; 28 (28)                   ; 0                 ; 0          ; 0    ; 0            ; |fpga_converter|lab_compact:coffee_machine|control:preparacion|slow_counter:counter_segundos ; slow_counter               ; work         ;
;       |method_substractor:restador|                ; 5 (5)               ; 0 (0)                     ; 0                 ; 0          ; 0    ; 0            ; |fpga_converter|lab_compact:coffee_machine|method_substractor:restador                       ; method_substractor         ; work         ;
;       |mux_cafes:seleccion|                        ; 2 (2)               ; 0 (0)                     ; 0                 ; 0          ; 0    ; 0            ; |fpga_converter|lab_compact:coffee_machine|mux_cafes:seleccion                               ; mux_cafes                  ; work         ;
;       |mux_precio:precios|                         ; 3 (3)               ; 0 (0)                     ; 0                 ; 0          ; 0    ; 0            ; |fpga_converter|lab_compact:coffee_machine|mux_precio:precios                                ; mux_precio                 ; work         ;
;    |sevenseg:modulo1Seg2|                          ; 7 (7)               ; 0 (0)                     ; 0                 ; 0          ; 0    ; 0            ; |fpga_converter|sevenseg:modulo1Seg2                                                         ; sevenseg                   ; work         ;
;    |sevenseg:modulo1Seg|                           ; 7 (7)               ; 0 (0)                     ; 0                 ; 0          ; 0    ; 0            ; |fpga_converter|sevenseg:modulo1Seg                                                          ; sevenseg                   ; work         ;
+----------------------------------------------------+---------------------+---------------------------+-------------------+------------+------+--------------+----------------------------------------------------------------------------------------------+----------------------------+--------------+
Note: For table entries with two numbers listed, the numbers in parentheses indicate the number of resources of the given type used by the specific entity alone. The numbers listed outside of parentheses indicate the total resources of the given type used by the specific entity and all of its sub-entities in the hierarchy.


Encoding Type:  One-Hot
+------------------------------------------------------------------------------------------------------------------+
; State Machine - |fpga_converter|lab_compact:coffee_machine|control:preparacion|FSM_Preparadora:preparadora|state ;
+-----------+-----------+-----------+-----------+-----------+-----------+------------------------------------------+
; Name      ; state.101 ; state.100 ; state.011 ; state.010 ; state.001 ; state.000                                ;
+-----------+-----------+-----------+-----------+-----------+-----------+------------------------------------------+
; state.000 ; 0         ; 0         ; 0         ; 0         ; 0         ; 0                                        ;
; state.001 ; 0         ; 0         ; 0         ; 0         ; 1         ; 1                                        ;
; state.010 ; 0         ; 0         ; 0         ; 1         ; 0         ; 1                                        ;
; state.011 ; 0         ; 0         ; 1         ; 0         ; 0         ; 1                                        ;
; state.100 ; 0         ; 1         ; 0         ; 0         ; 0         ; 1                                        ;
; state.101 ; 1         ; 0         ; 0         ; 0         ; 0         ; 1                                        ;
+-----------+-----------+-----------+-----------+-----------+-----------+------------------------------------------+


+---------------------------------------------------------------------------------------------------------+
; Registers Removed During Synthesis                                                                      ;
+------------------------------------------------------------------------------------+--------------------+
; Register name                                                                      ; Reason for Removal ;
+------------------------------------------------------------------------------------+--------------------+
; lab_compact:coffee_machine|control:preparacion|FSM_Preparadora:preparadora|state~4 ; Lost fanout        ;
; lab_compact:coffee_machine|control:preparacion|FSM_Preparadora:preparadora|state~5 ; Lost fanout        ;
; lab_compact:coffee_machine|control:preparacion|FSM_Preparadora:preparadora|state~6 ; Lost fanout        ;
; Total Number of Removed Registers = 3                                              ;                    ;
+------------------------------------------------------------------------------------+--------------------+


+------------------------------------------------------+
; General Register Statistics                          ;
+----------------------------------------------+-------+
; Statistic                                    ; Value ;
+----------------------------------------------+-------+
; Total registers                              ; 57    ;
; Number of registers using Synchronous Clear  ; 0     ;
; Number of registers using Synchronous Load   ; 0     ;
; Number of registers using Asynchronous Clear ; 29    ;
; Number of registers using Asynchronous Load  ; 0     ;
; Number of registers using Clock Enable       ; 35    ;
; Number of registers using Preset             ; 0     ;
+----------------------------------------------+-------+


+-------------------------------------------------------------------------------------------------------------------------------------------------------------------------------------------------------------------+
; Multiplexer Restructuring Statistics (Restructuring Performed)                                                                                                                                                    ;
+--------------------+-----------+---------------+----------------------+------------------------+------------+-----------------------------------------------------------------------------------------------------+
; Multiplexer Inputs ; Bus Width ; Baseline Area ; Area if Restructured ; Saving if Restructured ; Registered ; Example Multiplexer Output                                                                          ;
+--------------------+-----------+---------------+----------------------+------------------------+------------+-----------------------------------------------------------------------------------------------------+
; 3:1                ; 2 bits    ; 4 LEs         ; 2 LEs                ; 2 LEs                  ; Yes        ; |fpga_converter|lab_compact:coffee_machine|control:preparacion|slow_counter:counter_segundos|Q[1]   ;
; 3:1                ; 4 bits    ; 8 LEs         ; 4 LEs                ; 4 LEs                  ; Yes        ; |fpga_converter|lab_compact:coffee_machine|Register_vuelto_permanente:reg_vuelto_perm|vuelto_out[1] ;
+--------------------+-----------+---------------+----------------------+------------------------+------------+-----------------------------------------------------------------------------------------------------+


+-----------------------------------------------------------------------------------------------------+
; Parameter Settings for User Entity Instance: lab_compact:coffee_machine|method_substractor:restador ;
+----------------+-------+----------------------------------------------------------------------------+
; Parameter Name ; Value ; Type                                                                       ;
+----------------+-------+----------------------------------------------------------------------------+
; N              ; 4     ; Signed Integer                                                             ;
+----------------+-------+----------------------------------------------------------------------------+
Note: In order to hide this table in the UI and the text report file, please set the "Show Parameter Settings in Synthesis Report" option in "Analysis and Synthesis Settings -> More Settings" to "Off".


+---------------------------------------------------------------------------------------------------------------------------+
; Parameter Settings for User Entity Instance: lab_compact:coffee_machine|control:preparacion|slow_counter:counter_segundos ;
+-----------------+-------+-------------------------------------------------------------------------------------------------+
; Parameter Name  ; Value ; Type                                                                                            ;
+-----------------+-------+-------------------------------------------------------------------------------------------------+
; clk_half_period ; 10    ; Signed Integer                                                                                  ;
; N               ; 2     ; Signed Integer                                                                                  ;
+-----------------+-------+-------------------------------------------------------------------------------------------------+
Note: In order to hide this table in the UI and the text report file, please set the "Show Parameter Settings in Synthesis Report" option in "Analysis and Synthesis Settings -> More Settings" to "Off".


+--------------------------------------------------------------------------------------------------------------------+
; Port Connectivity Checks: "lab_compact:coffee_machine|control:preparacion"                                         ;
+----------+--------+----------+-------------------------------------------------------------------------------------+
; Port     ; Type   ; Severity ; Details                                                                             ;
+----------+--------+----------+-------------------------------------------------------------------------------------+
; segundos ; Output ; Info     ; Connected to dangling logic. Logic that only feeds a dangling port will be removed. ;
+----------+--------+----------+-------------------------------------------------------------------------------------+


+------------------------------------------------------------------------------------------------------------------------------------------------------+
; Port Connectivity Checks: "lab_compact:coffee_machine|FSMCompleta:machine"                                                                           ;
+-------+--------+----------+--------------------------------------------------------------------------------------------------------------------------+
; Port  ; Type   ; Severity ; Details                                                                                                                  ;
+-------+--------+----------+--------------------------------------------------------------------------------------------------------------------------+
; state ; Output ; Warning  ; Output or bidir port (3 bits) is wider than the port expression (1 bits) it drives; bit(s) "state[2..1]" have no fanouts ;
; state ; Output ; Info     ; Connected to dangling logic. Logic that only feeds a dangling port will be removed.                                      ;
+-------+--------+----------+--------------------------------------------------------------------------------------------------------------------------+


+-------------------------------------------------------------------------------------------------------------------------------------------------------------------------------------------------------------+
; Port Connectivity Checks: "lab_compact:coffee_machine|method_substractor:restador"                                                                                                                          ;
+------+--------+----------+----------------------------------------------------------------------------------------------------------------------------------------------------------------------------------+
; Port ; Type   ; Severity ; Details                                                                                                                                                                          ;
+------+--------+----------+----------------------------------------------------------------------------------------------------------------------------------------------------------------------------------+
; b    ; Input  ; Warning  ; Input port expression (5 bits) is wider than the input port (4 bits) it drives.  The 1 most-significant bit(s) in the expression will be dangling if they have no other fanouts. ;
; cin  ; Input  ; Info     ; Stuck at GND                                                                                                                                                                     ;
; cout ; Output ; Info     ; Connected to dangling logic. Logic that only feeds a dangling port will be removed.                                                                                              ;
+------+--------+----------+----------------------------------------------------------------------------------------------------------------------------------------------------------------------------------+


+-----------------------------------------------------+
; Post-Synthesis Netlist Statistics for Top Partition ;
+-----------------------+-----------------------------+
; Type                  ; Count                       ;
+-----------------------+-----------------------------+
; arriav_ff             ; 57                          ;
;     CLR               ; 22                          ;
;     ENA               ; 28                          ;
;     ENA CLR           ; 7                           ;
; arriav_lcell_comb     ; 112                         ;
;     arith             ; 31                          ;
;         0 data inputs ; 1                           ;
;         1 data inputs ; 14                          ;
;         2 data inputs ; 12                          ;
;         3 data inputs ; 4                           ;
;     normal            ; 81                          ;
;         1 data inputs ; 4                           ;
;         2 data inputs ; 6                           ;
;         3 data inputs ; 9                           ;
;         4 data inputs ; 24                          ;
;         5 data inputs ; 15                          ;
;         6 data inputs ; 23                          ;
; boundary_port         ; 33                          ;
;                       ;                             ;
; Max LUT depth         ; 4.80                        ;
; Average LUT depth     ; 2.93                        ;
+-----------------------+-----------------------------+


+-------------------------------+
; Elapsed Time Per Partition    ;
+----------------+--------------+
; Partition Name ; Elapsed Time ;
+----------------+--------------+
; Top            ; 00:00:00     ;
+----------------+--------------+


+-------------------------------+
; Analysis & Synthesis Messages ;
+-------------------------------+
Info: *******************************************************************
Info: Running Quartus Prime Analysis & Synthesis
    Info: Version 20.1.1 Build 720 11/11/2020 SJ Lite Edition
    Info: Processing started: Thu Oct 14 14:52:20 2021
Info: Command: quartus_map --read_settings_files=on --write_settings_files=off FSM -c FSM
Warning (18236): Number of processors has not been specified which may cause overloading on shared machines.  Set the global assignment NUM_PARALLEL_PROCESSORS in your QSF to an appropriate value for best performance.
Info (20030): Parallel compilation is enabled and will use 4 of the 4 processors detected
Info (12021): Found 1 design units, including 1 entities, in source file method_adder.sv
    Info (12023): Found entity 1: method_adder File: C:/Users/berta/OneDrive/Documentos/GitHub/Taller-de-Dise-oDigital/Lab4/method_adder.sv Line: 1
Info (12021): Found 1 design units, including 1 entities, in source file method_substractor.sv
    Info (12023): Found entity 1: method_substractor File: C:/Users/berta/OneDrive/Documentos/GitHub/Taller-de-Dise-oDigital/Lab4/method_substractor.sv Line: 1
Info (12021): Found 1 design units, including 1 entities, in source file method_addersub.sv
    Info (12023): Found entity 1: method_addersub File: C:/Users/berta/OneDrive/Documentos/GitHub/Taller-de-Dise-oDigital/Lab4/method_addersub.sv Line: 1
Info (12021): Found 1 design units, including 1 entities, in source file mux_tiempos.sv
    Info (12023): Found entity 1: mux_tiempos File: C:/Users/berta/OneDrive/Documentos/GitHub/Taller-de-Dise-oDigital/Lab4/mux_tiempos.sv Line: 1
Info (12021): Found 1 design units, including 1 entities, in source file control.sv
    Info (12023): Found entity 1: control File: C:/Users/berta/OneDrive/Documentos/GitHub/Taller-de-Dise-oDigital/Lab4/control.sv Line: 3
Info (12021): Found 1 design units, including 1 entities, in source file slow_counter.sv
    Info (12023): Found entity 1: slow_counter File: C:/Users/berta/OneDrive/Documentos/GitHub/Taller-de-Dise-oDigital/Lab4/slow_counter.sv Line: 1
Info (12021): Found 1 design units, including 1 entities, in source file fsmcompleta.sv
    Info (12023): Found entity 1: FSMCompleta File: C:/Users/berta/OneDrive/Documentos/GitHub/Taller-de-Dise-oDigital/Lab4/FSMCompleta.sv Line: 3
Info (12021): Found 1 design units, including 1 entities, in source file fsmcompleta_tb.sv
    Info (12023): Found entity 1: FSMCompleta_tb File: C:/Users/berta/OneDrive/Documentos/GitHub/Taller-de-Dise-oDigital/Lab4/FSMCompleta_tb.sv Line: 1
Info (12021): Found 1 design units, including 1 entities, in source file counter_coins.sv
    Info (12023): Found entity 1: Counter_coins File: C:/Users/berta/OneDrive/Documentos/GitHub/Taller-de-Dise-oDigital/Lab4/Counter_coins.sv Line: 1
Info (12021): Found 1 design units, including 1 entities, in source file comparator_coins.sv
    Info (12023): Found entity 1: Comparator_coins File: C:/Users/berta/OneDrive/Documentos/GitHub/Taller-de-Dise-oDigital/Lab4/Comparator_coins.sv Line: 1
Info (12021): Found 1 design units, including 1 entities, in source file register.sv
    Info (12023): Found entity 1: Register File: C:/Users/berta/OneDrive/Documentos/GitHub/Taller-de-Dise-oDigital/Lab4/Register.sv Line: 1
Info (12021): Found 1 design units, including 1 entities, in source file lab_compac_tb.sv
    Info (12023): Found entity 1: lab_compac_tb File: C:/Users/berta/OneDrive/Documentos/GitHub/Taller-de-Dise-oDigital/Lab4/lab_compac_tb.sv Line: 3
Info (12021): Found 1 design units, including 1 entities, in source file control_tb.sv
    Info (12023): Found entity 1: control_tb File: C:/Users/berta/OneDrive/Documentos/GitHub/Taller-de-Dise-oDigital/Lab4/control_tb.sv Line: 3
Info (12021): Found 1 design units, including 1 entities, in source file fsm_preparadora.sv
    Info (12023): Found entity 1: FSM_Preparadora File: C:/Users/berta/OneDrive/Documentos/GitHub/Taller-de-Dise-oDigital/Lab4/FSM_Preparadora.sv Line: 1
Info (12021): Found 1 design units, including 1 entities, in source file lab_compact.sv
    Info (12023): Found entity 1: lab_compact File: C:/Users/berta/OneDrive/Documentos/GitHub/Taller-de-Dise-oDigital/Lab4/lab_compact.sv Line: 1
Info (12021): Found 1 design units, including 1 entities, in source file registro_bebida.sv
    Info (12023): Found entity 1: Registro_bebida File: C:/Users/berta/OneDrive/Documentos/GitHub/Taller-de-Dise-oDigital/Lab4/Registro_bebida.sv Line: 1
Info (12021): Found 1 design units, including 1 entities, in source file mux_precio.sv
    Info (12023): Found entity 1: mux_precio File: C:/Users/berta/OneDrive/Documentos/GitHub/Taller-de-Dise-oDigital/Lab4/mux_precio.sv Line: 1
Info (12021): Found 1 design units, including 1 entities, in source file register_vuelto.sv
    Info (12023): Found entity 1: Register_vuelto File: C:/Users/berta/OneDrive/Documentos/GitHub/Taller-de-Dise-oDigital/Lab4/Register_vuelto.sv Line: 1
Info (12021): Found 1 design units, including 1 entities, in source file register_vuelto_permanente.sv
    Info (12023): Found entity 1: Register_vuelto_permanente File: C:/Users/berta/OneDrive/Documentos/GitHub/Taller-de-Dise-oDigital/Lab4/Register_vuelto_permanente.sv Line: 1
Info (12021): Found 1 design units, including 1 entities, in source file sevenseg.sv
    Info (12023): Found entity 1: sevenseg File: C:/Users/berta/OneDrive/Documentos/GitHub/Taller-de-Dise-oDigital/Lab4/sevenseg.sv Line: 1
Info (12021): Found 1 design units, including 1 entities, in source file fpga_converter.sv
    Info (12023): Found entity 1: fpga_converter File: C:/Users/berta/OneDrive/Documentos/GitHub/Taller-de-Dise-oDigital/Lab4/fpga_converter.sv Line: 3
Info (12021): Found 1 design units, including 1 entities, in source file mux_cafes.sv
    Info (12023): Found entity 1: mux_cafes File: C:/Users/berta/OneDrive/Documentos/GitHub/Taller-de-Dise-oDigital/Lab4/mux_cafes.sv Line: 1
Warning (10236): Verilog HDL Implicit Net warning at FSM_Preparadora.sv(36): created implicit net for "rst_bebida" File: C:/Users/berta/OneDrive/Documentos/GitHub/Taller-de-Dise-oDigital/Lab4/FSM_Preparadora.sv Line: 36
Warning (10236): Verilog HDL Implicit Net warning at lab_compact.sv(16): created implicit net for "to" File: C:/Users/berta/OneDrive/Documentos/GitHub/Taller-de-Dise-oDigital/Lab4/lab_compact.sv Line: 16
Warning (10236): Verilog HDL Implicit Net warning at lab_compact.sv(22): created implicit net for "state" File: C:/Users/berta/OneDrive/Documentos/GitHub/Taller-de-Dise-oDigital/Lab4/lab_compact.sv Line: 22
Info (12127): Elaborating entity "fpga_converter" for the top level hierarchy
Info (12128): Elaborating entity "lab_compact" for hierarchy "lab_compact:coffee_machine" File: C:/Users/berta/OneDrive/Documentos/GitHub/Taller-de-Dise-oDigital/Lab4/fpga_converter.sv Line: 15
Info (12128): Elaborating entity "mux_cafes" for hierarchy "lab_compact:coffee_machine|mux_cafes:seleccion" File: C:/Users/berta/OneDrive/Documentos/GitHub/Taller-de-Dise-oDigital/Lab4/lab_compact.sv Line: 14
Info (12128): Elaborating entity "mux_precio" for hierarchy "lab_compact:coffee_machine|mux_precio:precios" File: C:/Users/berta/OneDrive/Documentos/GitHub/Taller-de-Dise-oDigital/Lab4/lab_compact.sv Line: 15
Info (12128): Elaborating entity "Comparator_coins" for hierarchy "lab_compact:coffee_machine|Comparator_coins:comparador" File: C:/Users/berta/OneDrive/Documentos/GitHub/Taller-de-Dise-oDigital/Lab4/lab_compact.sv Line: 16
Info (12128): Elaborating entity "method_substractor" for hierarchy "lab_compact:coffee_machine|method_substractor:restador" File: C:/Users/berta/OneDrive/Documentos/GitHub/Taller-de-Dise-oDigital/Lab4/lab_compact.sv Line: 18
Info (12128): Elaborating entity "Register_vuelto" for hierarchy "lab_compact:coffee_machine|Register_vuelto:reg_vuelto" File: C:/Users/berta/OneDrive/Documentos/GitHub/Taller-de-Dise-oDigital/Lab4/lab_compact.sv Line: 19
Info (12128): Elaborating entity "Register_vuelto_permanente" for hierarchy "lab_compact:coffee_machine|Register_vuelto_permanente:reg_vuelto_perm" File: C:/Users/berta/OneDrive/Documentos/GitHub/Taller-de-Dise-oDigital/Lab4/lab_compact.sv Line: 20
Info (12128): Elaborating entity "FSMCompleta" for hierarchy "lab_compact:coffee_machine|FSMCompleta:machine" File: C:/Users/berta/OneDrive/Documentos/GitHub/Taller-de-Dise-oDigital/Lab4/lab_compact.sv Line: 22
Info (12128): Elaborating entity "Counter_coins" for hierarchy "lab_compact:coffee_machine|Counter_coins:contador" File: C:/Users/berta/OneDrive/Documentos/GitHub/Taller-de-Dise-oDigital/Lab4/lab_compact.sv Line: 23
Warning (10230): Verilog HDL assignment warning at Counter_coins.sv(7): truncated value with size 32 to match size of target (4) File: C:/Users/berta/OneDrive/Documentos/GitHub/Taller-de-Dise-oDigital/Lab4/Counter_coins.sv Line: 7
Warning (10230): Verilog HDL assignment warning at Counter_coins.sv(8): truncated value with size 32 to match size of target (4) File: C:/Users/berta/OneDrive/Documentos/GitHub/Taller-de-Dise-oDigital/Lab4/Counter_coins.sv Line: 8
Warning (10230): Verilog HDL assignment warning at Counter_coins.sv(9): truncated value with size 32 to match size of target (4) File: C:/Users/berta/OneDrive/Documentos/GitHub/Taller-de-Dise-oDigital/Lab4/Counter_coins.sv Line: 9
Info (12128): Elaborating entity "Register" for hierarchy "lab_compact:coffee_machine|Register:registro" File: C:/Users/berta/OneDrive/Documentos/GitHub/Taller-de-Dise-oDigital/Lab4/lab_compact.sv Line: 24
Info (12128): Elaborating entity "control" for hierarchy "lab_compact:coffee_machine|control:preparacion" File: C:/Users/berta/OneDrive/Documentos/GitHub/Taller-de-Dise-oDigital/Lab4/lab_compact.sv Line: 26
Info (12128): Elaborating entity "Registro_bebida" for hierarchy "lab_compact:coffee_machine|control:preparacion|Registro_bebida:reg_bebida" File: C:/Users/berta/OneDrive/Documentos/GitHub/Taller-de-Dise-oDigital/Lab4/control.sv Line: 16
Info (12128): Elaborating entity "mux_tiempos" for hierarchy "lab_compact:coffee_machine|control:preparacion|mux_tiempos:mux_t" File: C:/Users/berta/OneDrive/Documentos/GitHub/Taller-de-Dise-oDigital/Lab4/control.sv Line: 17
Info (12128): Elaborating entity "slow_counter" for hierarchy "lab_compact:coffee_machine|control:preparacion|slow_counter:counter_segundos" File: C:/Users/berta/OneDrive/Documentos/GitHub/Taller-de-Dise-oDigital/Lab4/control.sv Line: 18
Warning (10230): Verilog HDL assignment warning at slow_counter.sv(12): truncated value with size 32 to match size of target (26) File: C:/Users/berta/OneDrive/Documentos/GitHub/Taller-de-Dise-oDigital/Lab4/slow_counter.sv Line: 12
Info (12128): Elaborating entity "FSM_Preparadora" for hierarchy "lab_compact:coffee_machine|control:preparacion|FSM_Preparadora:preparadora" File: C:/Users/berta/OneDrive/Documentos/GitHub/Taller-de-Dise-oDigital/Lab4/control.sv Line: 19
Warning (10036): Verilog HDL or VHDL warning at FSM_Preparadora.sv(36): object "rst_bebida" assigned a value but never read File: C:/Users/berta/OneDrive/Documentos/GitHub/Taller-de-Dise-oDigital/Lab4/FSM_Preparadora.sv Line: 36
Info (12128): Elaborating entity "sevenseg" for hierarchy "sevenseg:modulo1Seg" File: C:/Users/berta/OneDrive/Documentos/GitHub/Taller-de-Dise-oDigital/Lab4/fpga_converter.sv Line: 25
Warning (12241): 2 hierarchies have connectivity warnings - see the Connectivity Checks report folder
Info (286030): Timing-Driven Synthesis is running
Info (17049): 3 registers lost all their fanouts during netlist optimizations.
Info (144001): Generated suppressed messages file C:/Users/berta/OneDrive/Documentos/GitHub/Taller-de-Dise-oDigital/Lab4/output_files/FSM.map.smsg
Info (16010): Generating hard_block partition "hard_block:auto_generated_inst"
    Info (16011): Adding 0 node(s), including 0 DDIO, 0 PLL, 0 transceiver and 0 LCELL
Info (21057): Implemented 149 device resources after synthesis - the final resource count might be different
    Info (21058): Implemented 9 input pins
    Info (21059): Implemented 24 output pins
    Info (21061): Implemented 116 logic cells
Info: Quartus Prime Analysis & Synthesis was successful. 0 errors, 10 warnings
    Info: Peak virtual memory: 4824 megabytes
    Info: Processing ended: Thu Oct 14 14:52:32 2021
    Info: Elapsed time: 00:00:12
    Info: Total CPU time (on all processors): 00:00:31


+------------------------------------------+
; Analysis & Synthesis Suppressed Messages ;
+------------------------------------------+
The suppressed messages can be found in C:/Users/berta/OneDrive/Documentos/GitHub/Taller-de-Dise-oDigital/Lab4/output_files/FSM.map.smsg.


